[0.608s] Invoking command in '/home/vi/opencv_ws/build/opencv_pkg': PYTHONPATH=/home/vi/opencv_ws/build/opencv_pkg/prefix_override:/usr/lib/python3/dist-packages/colcon_core/task/python/colcon_distutils_commands:/home/vi/opencv_ws/install/opencv_pkg/lib/python3.10/site-packages:${PYTHONPATH} /usr/bin/python3 -W ignore:setup.py install is deprecated -W ignore:easy_install command is deprecated setup.py develop --editable --build-directory /home/vi/opencv_ws/build/opencv_pkg/build --no-deps symlink_data
[0.873s] running develop
[1.026s] running egg_info
[1.026s] writing opencv_pkg.egg-info/PKG-INFO
[1.026s] writing dependency_links to opencv_pkg.egg-info/dependency_links.txt
[1.027s] writing entry points to opencv_pkg.egg-info/entry_points.txt
[1.027s] writing requirements to opencv_pkg.egg-info/requires.txt
[1.027s] writing top-level names to opencv_pkg.egg-info/top_level.txt
[1.029s] reading manifest file 'opencv_pkg.egg-info/SOURCES.txt'
[1.029s] writing manifest file 'opencv_pkg.egg-info/SOURCES.txt'
[1.031s] running build_ext
[1.031s] Creating /home/vi/opencv_ws/install/opencv_pkg/lib/python3.10/site-packages/opencv-pkg.egg-link (link to .)
[1.032s] Installing cv_new_rx_node script to /home/vi/opencv_ws/install/opencv_pkg/lib/opencv_pkg
[1.032s] Installing cv_new_tx_node script to /home/vi/opencv_ws/install/opencv_pkg/lib/opencv_pkg
[1.032s] Installing cv_rx_node script to /home/vi/opencv_ws/install/opencv_pkg/lib/opencv_pkg
[1.032s] Installing cv_tx_node script to /home/vi/opencv_ws/install/opencv_pkg/lib/opencv_pkg
[1.033s] 
[1.033s] Installed /home/vi/opencv_ws/build/opencv_pkg
[1.033s] running symlink_data
[1.062s] Invoked command in '/home/vi/opencv_ws/build/opencv_pkg' returned '0': PYTHONPATH=/home/vi/opencv_ws/build/opencv_pkg/prefix_override:/usr/lib/python3/dist-packages/colcon_core/task/python/colcon_distutils_commands:/home/vi/opencv_ws/install/opencv_pkg/lib/python3.10/site-packages:${PYTHONPATH} /usr/bin/python3 -W ignore:setup.py install is deprecated -W ignore:easy_install command is deprecated setup.py develop --editable --build-directory /home/vi/opencv_ws/build/opencv_pkg/build --no-deps symlink_data
