/home/vi/opencv_ws/install/opencv_pkg/lib/python3.10/site-packages/opencv_pkg/opencv_1_tx.py
/home/vi/opencv_ws/install/opencv_pkg/lib/python3.10/site-packages/opencv_pkg/opencv_0.py
/home/vi/opencv_ws/install/opencv_pkg/lib/python3.10/site-packages/opencv_pkg/opencv_0_rx.py
/home/vi/opencv_ws/install/opencv_pkg/lib/python3.10/site-packages/opencv_pkg/__init__.py
/home/vi/opencv_ws/install/opencv_pkg/lib/python3.10/site-packages/opencv_pkg/opencv_1_rx.py
/home/vi/opencv_ws/install/opencv_pkg/lib/python3.10/site-packages/opencv_pkg/__pycache__/opencv_1_tx.cpython-310.pyc
/home/vi/opencv_ws/install/opencv_pkg/lib/python3.10/site-packages/opencv_pkg/__pycache__/opencv_0.cpython-310.pyc
/home/vi/opencv_ws/install/opencv_pkg/lib/python3.10/site-packages/opencv_pkg/__pycache__/opencv_0_rx.cpython-310.pyc
/home/vi/opencv_ws/install/opencv_pkg/lib/python3.10/site-packages/opencv_pkg/__pycache__/__init__.cpython-310.pyc
/home/vi/opencv_ws/install/opencv_pkg/lib/python3.10/site-packages/opencv_pkg/__pycache__/opencv_1_rx.cpython-310.pyc
/home/vi/opencv_ws/install/opencv_pkg/share/ament_index/resource_index/packages/opencv_pkg
/home/vi/opencv_ws/install/opencv_pkg/share/opencv_pkg/package.xml
/home/vi/opencv_ws/install/opencv_pkg/lib/python3.10/site-packages/opencv_pkg-0.0.0-py3.10.egg-info/top_level.txt
/home/vi/opencv_ws/install/opencv_pkg/lib/python3.10/site-packages/opencv_pkg-0.0.0-py3.10.egg-info/requires.txt
/home/vi/opencv_ws/install/opencv_pkg/lib/python3.10/site-packages/opencv_pkg-0.0.0-py3.10.egg-info/entry_points.txt
/home/vi/opencv_ws/install/opencv_pkg/lib/python3.10/site-packages/opencv_pkg-0.0.0-py3.10.egg-info/SOURCES.txt
/home/vi/opencv_ws/install/opencv_pkg/lib/python3.10/site-packages/opencv_pkg-0.0.0-py3.10.egg-info/dependency_links.txt
/home/vi/opencv_ws/install/opencv_pkg/lib/python3.10/site-packages/opencv_pkg-0.0.0-py3.10.egg-info/PKG-INFO
/home/vi/opencv_ws/install/opencv_pkg/lib/python3.10/site-packages/opencv_pkg-0.0.0-py3.10.egg-info/zip-safe
/home/vi/opencv_ws/install/opencv_pkg/lib/opencv_pkg/cv_new_rx_node
/home/vi/opencv_ws/install/opencv_pkg/lib/opencv_pkg/cv_new_tx_node
/home/vi/opencv_ws/install/opencv_pkg/lib/opencv_pkg/cv_rx_node
/home/vi/opencv_ws/install/opencv_pkg/lib/opencv_pkg/cv_tx_node
