[0.112s] DEBUG:colcon:Command line arguments: ['/usr/bin/colcon', 'build', '--symlink-install']
[0.112s] DEBUG:colcon:Parsed command line arguments: Namespace(log_base=None, log_level=None, verb_name='build', build_base='build', install_base='install', merge_install=False, symlink_install=True, test_result_base=None, continue_on_error=False, executor='parallel', parallel_workers=4, event_handlers=None, ignore_user_meta=False, metas=['./colcon.meta'], base_paths=['.'], packages_ignore=None, packages_ignore_regex=None, paths=None, packages_up_to=None, packages_up_to_regex=None, packages_above=None, packages_above_and_dependencies=None, packages_above_depth=None, packages_select_by_dep=None, packages_skip_by_dep=None, packages_skip_up_to=None, packages_select_build_failed=False, packages_skip_build_finished=False, packages_select_test_failures=False, packages_skip_test_passed=False, packages_select=None, packages_skip=None, packages_select_regex=None, packages_skip_regex=None, packages_start=None, packages_end=None, allow_overriding=[], cmake_args=None, cmake_target=None, cmake_target_skip_unavailable=False, cmake_clean_cache=False, cmake_clean_first=False, cmake_force_configure=False, ament_cmake_args=None, catkin_cmake_args=None, catkin_skip_building_tests=False, mixin_files=None, mixin=None, verb_parser=<colcon_mixin.mixin.mixin_argument.MixinArgumentDecorator object at 0x741bedd0ba30>, verb_extension=<colcon_core.verb.build.BuildVerb object at 0x741bedd0a800>, main=<bound method BuildVerb.main of <colcon_core.verb.build.BuildVerb object at 0x741bedd0a800>>, mixin_verb=('build',))
[0.283s] Level 1:colcon.colcon_core.package_discovery:discover_packages(colcon_meta) check parameters
[0.283s] Level 1:colcon.colcon_core.package_discovery:discover_packages(recursive) check parameters
[0.283s] Level 1:colcon.colcon_core.package_discovery:discover_packages(ignore) check parameters
[0.283s] Level 1:colcon.colcon_core.package_discovery:discover_packages(path) check parameters
[0.283s] Level 1:colcon.colcon_core.package_discovery:discover_packages(colcon_meta) discover
[0.283s] Level 1:colcon.colcon_core.package_discovery:discover_packages(recursive) discover
[0.283s] INFO:colcon.colcon_core.package_discovery:Crawling recursively for packages in '/home/vi/opencv_ws'
[0.283s] Level 1:colcon.colcon_core.package_identification:_identify(.) by extensions ['ignore', 'ignore_ament_install']
[0.283s] Level 1:colcon.colcon_core.package_identification:_identify(.) by extension 'ignore'
[0.283s] Level 1:colcon.colcon_core.package_identification:_identify(.) by extension 'ignore_ament_install'
[0.284s] Level 1:colcon.colcon_core.package_identification:_identify(.) by extensions ['colcon_pkg']
[0.284s] Level 1:colcon.colcon_core.package_identification:_identify(.) by extension 'colcon_pkg'
[0.284s] Level 1:colcon.colcon_core.package_identification:_identify(.) by extensions ['colcon_meta']
[0.284s] Level 1:colcon.colcon_core.package_identification:_identify(.) by extension 'colcon_meta'
[0.284s] Level 1:colcon.colcon_core.package_identification:_identify(.) by extensions ['ros']
[0.284s] Level 1:colcon.colcon_core.package_identification:_identify(.) by extension 'ros'
[0.295s] Level 1:colcon.colcon_core.package_identification:_identify(.) by extensions ['cmake', 'python']
[0.295s] Level 1:colcon.colcon_core.package_identification:_identify(.) by extension 'cmake'
[0.295s] Level 1:colcon.colcon_core.package_identification:_identify(.) by extension 'python'
[0.295s] Level 1:colcon.colcon_core.package_identification:_identify(.) by extensions ['python_setup_py']
[0.295s] Level 1:colcon.colcon_core.package_identification:_identify(.) by extension 'python_setup_py'
[0.295s] Level 1:colcon.colcon_core.package_identification:_identify(build) by extensions ['ignore', 'ignore_ament_install']
[0.295s] Level 1:colcon.colcon_core.package_identification:_identify(build) by extension 'ignore'
[0.295s] Level 1:colcon.colcon_core.package_identification:_identify(build) ignored
[0.295s] Level 1:colcon.colcon_core.package_identification:_identify(install) by extensions ['ignore', 'ignore_ament_install']
[0.295s] Level 1:colcon.colcon_core.package_identification:_identify(install) by extension 'ignore'
[0.295s] Level 1:colcon.colcon_core.package_identification:_identify(install) ignored
[0.295s] Level 1:colcon.colcon_core.package_identification:_identify(log) by extensions ['ignore', 'ignore_ament_install']
[0.296s] Level 1:colcon.colcon_core.package_identification:_identify(log) by extension 'ignore'
[0.296s] Level 1:colcon.colcon_core.package_identification:_identify(log) ignored
[0.296s] Level 1:colcon.colcon_core.package_identification:_identify(src) by extensions ['ignore', 'ignore_ament_install']
[0.296s] Level 1:colcon.colcon_core.package_identification:_identify(src) by extension 'ignore'
[0.296s] Level 1:colcon.colcon_core.package_identification:_identify(src) by extension 'ignore_ament_install'
[0.296s] Level 1:colcon.colcon_core.package_identification:_identify(src) by extensions ['colcon_pkg']
[0.296s] Level 1:colcon.colcon_core.package_identification:_identify(src) by extension 'colcon_pkg'
[0.296s] Level 1:colcon.colcon_core.package_identification:_identify(src) by extensions ['colcon_meta']
[0.296s] Level 1:colcon.colcon_core.package_identification:_identify(src) by extension 'colcon_meta'
[0.296s] Level 1:colcon.colcon_core.package_identification:_identify(src) by extensions ['ros']
[0.296s] Level 1:colcon.colcon_core.package_identification:_identify(src) by extension 'ros'
[0.296s] Level 1:colcon.colcon_core.package_identification:_identify(src) by extensions ['cmake', 'python']
[0.296s] Level 1:colcon.colcon_core.package_identification:_identify(src) by extension 'cmake'
[0.296s] Level 1:colcon.colcon_core.package_identification:_identify(src) by extension 'python'
[0.296s] Level 1:colcon.colcon_core.package_identification:_identify(src) by extensions ['python_setup_py']
[0.296s] Level 1:colcon.colcon_core.package_identification:_identify(src) by extension 'python_setup_py'
[0.296s] Level 1:colcon.colcon_core.package_identification:_identify(src/opencv_pkg) by extensions ['ignore', 'ignore_ament_install']
[0.296s] Level 1:colcon.colcon_core.package_identification:_identify(src/opencv_pkg) by extension 'ignore'
[0.296s] Level 1:colcon.colcon_core.package_identification:_identify(src/opencv_pkg) by extension 'ignore_ament_install'
[0.296s] Level 1:colcon.colcon_core.package_identification:_identify(src/opencv_pkg) by extensions ['colcon_pkg']
[0.296s] Level 1:colcon.colcon_core.package_identification:_identify(src/opencv_pkg) by extension 'colcon_pkg'
[0.297s] Level 1:colcon.colcon_core.package_identification:_identify(src/opencv_pkg) by extensions ['colcon_meta']
[0.297s] Level 1:colcon.colcon_core.package_identification:_identify(src/opencv_pkg) by extension 'colcon_meta'
[0.297s] Level 1:colcon.colcon_core.package_identification:_identify(src/opencv_pkg) by extensions ['ros']
[0.297s] Level 1:colcon.colcon_core.package_identification:_identify(src/opencv_pkg) by extension 'ros'
[0.308s] DEBUG:colcon.colcon_core.package_identification:Package 'src/opencv_pkg' with type 'ros.ament_python' and name 'opencv_pkg'
[0.308s] Level 1:colcon.colcon_core.package_discovery:discover_packages(recursive) using defaults
[0.308s] Level 1:colcon.colcon_core.package_discovery:discover_packages(ignore) discover
[0.308s] Level 1:colcon.colcon_core.package_discovery:discover_packages(ignore) using defaults
[0.308s] Level 1:colcon.colcon_core.package_discovery:discover_packages(path) discover
[0.308s] Level 1:colcon.colcon_core.package_discovery:discover_packages(path) using defaults
[0.327s] Level 1:colcon.colcon_core.package_discovery:discover_packages(prefix_path) check parameters
[0.327s] Level 1:colcon.colcon_core.package_discovery:discover_packages(prefix_path) discover
[0.331s] DEBUG:colcon.colcon_installed_package_information.package_discovery:Found 1 installed packages in /home/vi/opencv_ws/install
[0.331s] DEBUG:colcon.colcon_installed_package_information.package_discovery:Found 1 installed packages in /home/vi/launch_ws/install
[0.332s] DEBUG:colcon.colcon_installed_package_information.package_discovery:Found 1 installed packages in /home/vi/rviz_save_ws/install
[0.332s] DEBUG:colcon.colcon_installed_package_information.package_discovery:Found 1 installed packages in /home/vi/rviz_ws/install
[0.332s] DEBUG:colcon.colcon_installed_package_information.package_discovery:Found 1 installed packages in /home/vi/turtle_ws/install
[0.333s] DEBUG:colcon.colcon_installed_package_information.package_discovery:Found 1 installed packages in /home/vi/mini2_ws/install
[0.334s] DEBUG:colcon.colcon_installed_package_information.package_discovery:Found 270 installed packages in /opt/ros/humble
[0.335s] Level 1:colcon.colcon_core.package_discovery:discover_packages(prefix_path) using defaults
[0.377s] Level 5:colcon.colcon_core.verb:set package 'opencv_pkg' build argument 'cmake_args' from command line to 'None'
[0.377s] Level 5:colcon.colcon_core.verb:set package 'opencv_pkg' build argument 'cmake_target' from command line to 'None'
[0.377s] Level 5:colcon.colcon_core.verb:set package 'opencv_pkg' build argument 'cmake_target_skip_unavailable' from command line to 'False'
[0.377s] Level 5:colcon.colcon_core.verb:set package 'opencv_pkg' build argument 'cmake_clean_cache' from command line to 'False'
[0.377s] Level 5:colcon.colcon_core.verb:set package 'opencv_pkg' build argument 'cmake_clean_first' from command line to 'False'
[0.377s] Level 5:colcon.colcon_core.verb:set package 'opencv_pkg' build argument 'cmake_force_configure' from command line to 'False'
[0.377s] Level 5:colcon.colcon_core.verb:set package 'opencv_pkg' build argument 'ament_cmake_args' from command line to 'None'
[0.377s] Level 5:colcon.colcon_core.verb:set package 'opencv_pkg' build argument 'catkin_cmake_args' from command line to 'None'
[0.377s] Level 5:colcon.colcon_core.verb:set package 'opencv_pkg' build argument 'catkin_skip_building_tests' from command line to 'False'
[0.377s] DEBUG:colcon.colcon_core.verb:Building package 'opencv_pkg' with the following arguments: {'ament_cmake_args': None, 'build_base': '/home/vi/opencv_ws/build/opencv_pkg', 'catkin_cmake_args': None, 'catkin_skip_building_tests': False, 'cmake_args': None, 'cmake_clean_cache': False, 'cmake_clean_first': False, 'cmake_force_configure': False, 'cmake_target': None, 'cmake_target_skip_unavailable': False, 'install_base': '/home/vi/opencv_ws/install/opencv_pkg', 'merge_install': False, 'path': '/home/vi/opencv_ws/src/opencv_pkg', 'symlink_install': True, 'test_result_base': None}
[0.377s] INFO:colcon.colcon_core.executor:Executing jobs using 'parallel' executor
[0.378s] DEBUG:colcon.colcon_parallel_executor.executor.parallel:run_until_complete
[0.378s] INFO:colcon.colcon_ros.task.ament_python.build:Building ROS package in '/home/vi/opencv_ws/src/opencv_pkg' with build type 'ament_python'
[0.379s] Level 1:colcon.colcon_core.shell:create_environment_hook('opencv_pkg', 'ament_prefix_path')
[0.382s] INFO:colcon.colcon_core.plugin_system:Skipping extension 'colcon_core.shell.bat': Not used on non-Windows systems
[0.383s] INFO:colcon.colcon_core.shell:Creating environment hook '/home/vi/opencv_ws/install/opencv_pkg/share/opencv_pkg/hook/ament_prefix_path.ps1'
[0.383s] INFO:colcon.colcon_core.shell:Creating environment descriptor '/home/vi/opencv_ws/install/opencv_pkg/share/opencv_pkg/hook/ament_prefix_path.dsv'
[0.385s] INFO:colcon.colcon_core.shell:Creating environment hook '/home/vi/opencv_ws/install/opencv_pkg/share/opencv_pkg/hook/ament_prefix_path.sh'
[0.386s] INFO:colcon.colcon_core.shell:Skip shell extension 'powershell' for command environment: Not usable outside of PowerShell
[0.386s] DEBUG:colcon.colcon_core.shell:Skip shell extension 'dsv' for command environment
[0.657s] INFO:colcon.colcon_core.task.python.build:Building Python package in '/home/vi/opencv_ws/src/opencv_pkg'
[0.658s] INFO:colcon.colcon_core.shell:Skip shell extension 'powershell' for command environment: Not usable outside of PowerShell
[0.658s] DEBUG:colcon.colcon_core.shell:Skip shell extension 'dsv' for command environment
[1.018s] DEBUG:colcon.colcon_core.event_handler.log_command:Invoking command in '/home/vi/opencv_ws/build/opencv_pkg': PYTHONPATH=/home/vi/opencv_ws/build/opencv_pkg/prefix_override:/usr/lib/python3/dist-packages/colcon_core/task/python/colcon_distutils_commands:/home/vi/opencv_ws/install/opencv_pkg/lib/python3.10/site-packages:${PYTHONPATH} /usr/bin/python3 -W ignore:setup.py install is deprecated -W ignore:easy_install command is deprecated setup.py develop --editable --build-directory /home/vi/opencv_ws/build/opencv_pkg/build --no-deps symlink_data
[1.476s] Level 1:colcon.colcon_core.shell:create_environment_hook('opencv_pkg', 'pythonpath_develop')
[1.476s] INFO:colcon.colcon_core.shell:Creating environment hook '/home/vi/opencv_ws/build/opencv_pkg/share/opencv_pkg/hook/pythonpath_develop.ps1'
[1.477s] DEBUG:colcon.colcon_core.event_handler.log_command:Invoked command in '/home/vi/opencv_ws/build/opencv_pkg' returned '0': PYTHONPATH=/home/vi/opencv_ws/build/opencv_pkg/prefix_override:/usr/lib/python3/dist-packages/colcon_core/task/python/colcon_distutils_commands:/home/vi/opencv_ws/install/opencv_pkg/lib/python3.10/site-packages:${PYTHONPATH} /usr/bin/python3 -W ignore:setup.py install is deprecated -W ignore:easy_install command is deprecated setup.py develop --editable --build-directory /home/vi/opencv_ws/build/opencv_pkg/build --no-deps symlink_data
[1.477s] INFO:colcon.colcon_core.shell:Creating environment descriptor '/home/vi/opencv_ws/build/opencv_pkg/share/opencv_pkg/hook/pythonpath_develop.dsv'
[1.478s] INFO:colcon.colcon_core.shell:Creating environment hook '/home/vi/opencv_ws/build/opencv_pkg/share/opencv_pkg/hook/pythonpath_develop.sh'
[1.483s] Level 1:colcon.colcon_core.environment:checking '/home/vi/opencv_ws/install/opencv_pkg' for CMake module files
[1.483s] Level 1:colcon.colcon_core.environment:checking '/home/vi/opencv_ws/install/opencv_pkg' for CMake config files
[1.484s] Level 1:colcon.colcon_core.environment:checking '/home/vi/opencv_ws/install/opencv_pkg/lib'
[1.484s] Level 1:colcon.colcon_core.environment:checking '/home/vi/opencv_ws/install/opencv_pkg/bin'
[1.484s] Level 1:colcon.colcon_core.environment:checking '/home/vi/opencv_ws/install/opencv_pkg/lib/pkgconfig/opencv_pkg.pc'
[1.484s] Level 1:colcon.colcon_core.environment:checking '/home/vi/opencv_ws/install/opencv_pkg/lib/python3.10/site-packages'
[1.484s] Level 1:colcon.colcon_core.shell:create_environment_hook('opencv_pkg', 'pythonpath')
[1.484s] INFO:colcon.colcon_core.shell:Creating environment hook '/home/vi/opencv_ws/install/opencv_pkg/share/opencv_pkg/hook/pythonpath.ps1'
[1.485s] INFO:colcon.colcon_core.shell:Creating environment descriptor '/home/vi/opencv_ws/install/opencv_pkg/share/opencv_pkg/hook/pythonpath.dsv'
[1.485s] INFO:colcon.colcon_core.shell:Creating environment hook '/home/vi/opencv_ws/install/opencv_pkg/share/opencv_pkg/hook/pythonpath.sh'
[1.486s] Level 1:colcon.colcon_core.environment:checking '/home/vi/opencv_ws/install/opencv_pkg/bin'
[1.486s] Level 1:colcon.colcon_core.environment:create_environment_scripts_only(opencv_pkg)
[1.486s] INFO:colcon.colcon_core.shell:Creating package script '/home/vi/opencv_ws/install/opencv_pkg/share/opencv_pkg/package.ps1'
[1.487s] INFO:colcon.colcon_core.shell:Creating package descriptor '/home/vi/opencv_ws/install/opencv_pkg/share/opencv_pkg/package.dsv'
[1.488s] INFO:colcon.colcon_core.shell:Creating package script '/home/vi/opencv_ws/install/opencv_pkg/share/opencv_pkg/package.sh'
[1.489s] INFO:colcon.colcon_core.shell:Creating package script '/home/vi/opencv_ws/install/opencv_pkg/share/opencv_pkg/package.bash'
[1.490s] INFO:colcon.colcon_core.shell:Creating package script '/home/vi/opencv_ws/install/opencv_pkg/share/opencv_pkg/package.zsh'
[1.492s] Level 1:colcon.colcon_core.environment:create_file_with_runtime_dependencies(/home/vi/opencv_ws/install/opencv_pkg/share/colcon-core/packages/opencv_pkg)
[1.492s] DEBUG:colcon.colcon_parallel_executor.executor.parallel:closing loop
[1.492s] DEBUG:colcon.colcon_parallel_executor.executor.parallel:loop closed
[1.493s] DEBUG:colcon.colcon_parallel_executor.executor.parallel:run_until_complete finished with '0'
[1.493s] DEBUG:colcon.colcon_core.event_reactor:joining thread
[1.501s] INFO:colcon.colcon_core.plugin_system:Skipping extension 'colcon_notification.desktop_notification.terminal_notifier': Not used on non-Darwin systems
[1.501s] INFO:colcon.colcon_core.plugin_system:Skipping extension 'colcon_notification.desktop_notification.win32': Not used on non-Windows systems
[1.501s] INFO:colcon.colcon_notification.desktop_notification:Sending desktop notification using 'notify2'
[1.529s] DEBUG:colcon.colcon_core.event_reactor:joined thread
[1.529s] INFO:colcon.colcon_core.shell:Creating prefix script '/home/vi/opencv_ws/install/local_setup.ps1'
[1.531s] INFO:colcon.colcon_core.shell:Creating prefix util module '/home/vi/opencv_ws/install/_local_setup_util_ps1.py'
[1.532s] INFO:colcon.colcon_core.shell:Creating prefix chain script '/home/vi/opencv_ws/install/setup.ps1'
[1.535s] INFO:colcon.colcon_core.shell:Creating prefix script '/home/vi/opencv_ws/install/local_setup.sh'
[1.536s] INFO:colcon.colcon_core.shell:Creating prefix util module '/home/vi/opencv_ws/install/_local_setup_util_sh.py'
[1.537s] INFO:colcon.colcon_core.shell:Creating prefix chain script '/home/vi/opencv_ws/install/setup.sh'
[1.539s] INFO:colcon.colcon_core.shell:Creating prefix script '/home/vi/opencv_ws/install/local_setup.bash'
[1.541s] INFO:colcon.colcon_core.shell:Creating prefix chain script '/home/vi/opencv_ws/install/setup.bash'
[1.543s] INFO:colcon.colcon_core.shell:Creating prefix script '/home/vi/opencv_ws/install/local_setup.zsh'
[1.544s] INFO:colcon.colcon_core.shell:Creating prefix chain script '/home/vi/opencv_ws/install/setup.zsh'
