running egg_info
writing ../../build/opencv_pkg/opencv_pkg.egg-info/PKG-INFO
writing dependency_links to ../../build/opencv_pkg/opencv_pkg.egg-info/dependency_links.txt
writing entry points to ../../build/opencv_pkg/opencv_pkg.egg-info/entry_points.txt
writing requirements to ../../build/opencv_pkg/opencv_pkg.egg-info/requires.txt
writing top-level names to ../../build/opencv_pkg/opencv_pkg.egg-info/top_level.txt
reading manifest file '../../build/opencv_pkg/opencv_pkg.egg-info/SOURCES.txt'
writing manifest file '../../build/opencv_pkg/opencv_pkg.egg-info/SOURCES.txt'
running build
running build_py
running install
running install_lib
running install_data
running install_egg_info
removing '/home/vi/opencv_ws/install/opencv_pkg/lib/python3.10/site-packages/opencv_pkg-0.0.0-py3.10.egg-info' (and everything under it)
Copying ../../build/opencv_pkg/opencv_pkg.egg-info to /home/vi/opencv_ws/install/opencv_pkg/lib/python3.10/site-packages/opencv_pkg-0.0.0-py3.10.egg-info
running install_scripts
Installing cv_new_rx_node script to /home/vi/opencv_ws/install/opencv_pkg/lib/opencv_pkg
Installing cv_new_tx_node script to /home/vi/opencv_ws/install/opencv_pkg/lib/opencv_pkg
Installing cv_rx_node script to /home/vi/opencv_ws/install/opencv_pkg/lib/opencv_pkg
Installing cv_tx_node script to /home/vi/opencv_ws/install/opencv_pkg/lib/opencv_pkg
writing list of installed files to '/home/vi/opencv_ws/build/opencv_pkg/install.log'
