running develop
running egg_info
creating opencv_pkg.egg-info
writing opencv_pkg.egg-info/PKG-INFO
writing dependency_links to opencv_pkg.egg-info/dependency_links.txt
writing entry points to opencv_pkg.egg-info/entry_points.txt
writing requirements to opencv_pkg.egg-info/requires.txt
writing top-level names to opencv_pkg.egg-info/top_level.txt
writing manifest file 'opencv_pkg.egg-info/SOURCES.txt'
reading manifest file 'opencv_pkg.egg-info/SOURCES.txt'
writing manifest file 'opencv_pkg.egg-info/SOURCES.txt'
running build_ext
Creating /home/vi/opencv_ws/install/opencv_pkg/lib/python3.10/site-packages/opencv-pkg.egg-link (link to .)

Installed /home/vi/opencv_ws/build/opencv_pkg
running symlink_data
creating /home/vi/opencv_ws/install/opencv_pkg/share/ament_index
creating /home/vi/opencv_ws/install/opencv_pkg/share/ament_index/resource_index
creating /home/vi/opencv_ws/install/opencv_pkg/share/ament_index/resource_index/packages
symbolically linking /home/vi/opencv_ws/build/opencv_pkg/resource/opencv_pkg -> /home/vi/opencv_ws/install/opencv_pkg/share/ament_index/resource_index/packages
symbolically linking /home/vi/opencv_ws/build/opencv_pkg/package.xml -> /home/vi/opencv_ws/install/opencv_pkg/share/opencv_pkg
