[0.617s] Invoking command in '/home/vi/opencv_ws/build/opencv_pkg': PYTHONPATH=/home/vi/opencv_ws/build/opencv_pkg/prefix_override:/usr/lib/python3/dist-packages/colcon_core/task/python/colcon_distutils_commands:/home/vi/opencv_ws/install/opencv_pkg/lib/python3.10/site-packages:${PYTHONPATH} /usr/bin/python3 -W ignore:setup.py install is deprecated -W ignore:easy_install command is deprecated setup.py develop --editable --build-directory /home/vi/opencv_ws/build/opencv_pkg/build --no-deps symlink_data
[0.877s] running develop
[1.027s] running egg_info
[1.027s] creating opencv_pkg.egg-info
[1.028s] writing opencv_pkg.egg-info/PKG-INFO
[1.028s] writing dependency_links to opencv_pkg.egg-info/dependency_links.txt
[1.028s] writing entry points to opencv_pkg.egg-info/entry_points.txt
[1.028s] writing requirements to opencv_pkg.egg-info/requires.txt
[1.028s] writing top-level names to opencv_pkg.egg-info/top_level.txt
[1.028s] writing manifest file 'opencv_pkg.egg-info/SOURCES.txt'
[1.030s] reading manifest file 'opencv_pkg.egg-info/SOURCES.txt'
[1.030s] writing manifest file 'opencv_pkg.egg-info/SOURCES.txt'
[1.032s] running build_ext
[1.032s] Creating /home/vi/opencv_ws/install/opencv_pkg/lib/python3.10/site-packages/opencv-pkg.egg-link (link to .)
[1.033s] 
[1.033s] Installed /home/vi/opencv_ws/build/opencv_pkg
[1.033s] running symlink_data
[1.033s] creating /home/vi/opencv_ws/install/opencv_pkg/share/ament_index
[1.033s] creating /home/vi/opencv_ws/install/opencv_pkg/share/ament_index/resource_index
[1.033s] creating /home/vi/opencv_ws/install/opencv_pkg/share/ament_index/resource_index/packages
[1.033s] symbolically linking /home/vi/opencv_ws/build/opencv_pkg/resource/opencv_pkg -> /home/vi/opencv_ws/install/opencv_pkg/share/ament_index/resource_index/packages
[1.033s] symbolically linking /home/vi/opencv_ws/build/opencv_pkg/package.xml -> /home/vi/opencv_ws/install/opencv_pkg/share/opencv_pkg
[1.062s] Invoked command in '/home/vi/opencv_ws/build/opencv_pkg' returned '0': PYTHONPATH=/home/vi/opencv_ws/build/opencv_pkg/prefix_override:/usr/lib/python3/dist-packages/colcon_core/task/python/colcon_distutils_commands:/home/vi/opencv_ws/install/opencv_pkg/lib/python3.10/site-packages:${PYTHONPATH} /usr/bin/python3 -W ignore:setup.py install is deprecated -W ignore:easy_install command is deprecated setup.py develop --editable --build-directory /home/vi/opencv_ws/build/opencv_pkg/build --no-deps symlink_data
