running egg_info
creating ../../build/opencv_pkg/opencv_pkg.egg-info
writing ../../build/opencv_pkg/opencv_pkg.egg-info/PKG-INFO
writing dependency_links to ../../build/opencv_pkg/opencv_pkg.egg-info/dependency_links.txt
writing entry points to ../../build/opencv_pkg/opencv_pkg.egg-info/entry_points.txt
writing requirements to ../../build/opencv_pkg/opencv_pkg.egg-info/requires.txt
writing top-level names to ../../build/opencv_pkg/opencv_pkg.egg-info/top_level.txt
writing manifest file '../../build/opencv_pkg/opencv_pkg.egg-info/SOURCES.txt'
reading manifest file '../../build/opencv_pkg/opencv_pkg.egg-info/SOURCES.txt'
writing manifest file '../../build/opencv_pkg/opencv_pkg.egg-info/SOURCES.txt'
running build
running build_py
creating /home/vi/opencv_ws/build/opencv_pkg/build
creating /home/vi/opencv_ws/build/opencv_pkg/build/lib
creating /home/vi/opencv_ws/build/opencv_pkg/build/lib/opencv_pkg
copying opencv_pkg/opencv_1_tx.py -> /home/vi/opencv_ws/build/opencv_pkg/build/lib/opencv_pkg
copying opencv_pkg/opencv_0.py -> /home/vi/opencv_ws/build/opencv_pkg/build/lib/opencv_pkg
copying opencv_pkg/opencv_0_rx.py -> /home/vi/opencv_ws/build/opencv_pkg/build/lib/opencv_pkg
copying opencv_pkg/__init__.py -> /home/vi/opencv_ws/build/opencv_pkg/build/lib/opencv_pkg
copying opencv_pkg/opencv_1_rx.py -> /home/vi/opencv_ws/build/opencv_pkg/build/lib/opencv_pkg
running install
running install_lib
creating /home/vi/opencv_ws/install/opencv_pkg/lib/python3.10/site-packages/opencv_pkg
copying /home/vi/opencv_ws/build/opencv_pkg/build/lib/opencv_pkg/opencv_1_tx.py -> /home/vi/opencv_ws/install/opencv_pkg/lib/python3.10/site-packages/opencv_pkg
copying /home/vi/opencv_ws/build/opencv_pkg/build/lib/opencv_pkg/opencv_0.py -> /home/vi/opencv_ws/install/opencv_pkg/lib/python3.10/site-packages/opencv_pkg
copying /home/vi/opencv_ws/build/opencv_pkg/build/lib/opencv_pkg/opencv_0_rx.py -> /home/vi/opencv_ws/install/opencv_pkg/lib/python3.10/site-packages/opencv_pkg
copying /home/vi/opencv_ws/build/opencv_pkg/build/lib/opencv_pkg/__init__.py -> /home/vi/opencv_ws/install/opencv_pkg/lib/python3.10/site-packages/opencv_pkg
copying /home/vi/opencv_ws/build/opencv_pkg/build/lib/opencv_pkg/opencv_1_rx.py -> /home/vi/opencv_ws/install/opencv_pkg/lib/python3.10/site-packages/opencv_pkg
byte-compiling /home/vi/opencv_ws/install/opencv_pkg/lib/python3.10/site-packages/opencv_pkg/opencv_1_tx.py to opencv_1_tx.cpython-310.pyc
byte-compiling /home/vi/opencv_ws/install/opencv_pkg/lib/python3.10/site-packages/opencv_pkg/opencv_0.py to opencv_0.cpython-310.pyc
byte-compiling /home/vi/opencv_ws/install/opencv_pkg/lib/python3.10/site-packages/opencv_pkg/opencv_0_rx.py to opencv_0_rx.cpython-310.pyc
byte-compiling /home/vi/opencv_ws/install/opencv_pkg/lib/python3.10/site-packages/opencv_pkg/__init__.py to __init__.cpython-310.pyc
byte-compiling /home/vi/opencv_ws/install/opencv_pkg/lib/python3.10/site-packages/opencv_pkg/opencv_1_rx.py to opencv_1_rx.cpython-310.pyc
running install_data
creating /home/vi/opencv_ws/install/opencv_pkg/share/ament_index
creating /home/vi/opencv_ws/install/opencv_pkg/share/ament_index/resource_index
creating /home/vi/opencv_ws/install/opencv_pkg/share/ament_index/resource_index/packages
copying resource/opencv_pkg -> /home/vi/opencv_ws/install/opencv_pkg/share/ament_index/resource_index/packages
copying package.xml -> /home/vi/opencv_ws/install/opencv_pkg/share/opencv_pkg
running install_egg_info
Copying ../../build/opencv_pkg/opencv_pkg.egg-info to /home/vi/opencv_ws/install/opencv_pkg/lib/python3.10/site-packages/opencv_pkg-0.0.0-py3.10.egg-info
running install_scripts
Installing cv_new_rx_node script to /home/vi/opencv_ws/install/opencv_pkg/lib/opencv_pkg
Installing cv_new_tx_node script to /home/vi/opencv_ws/install/opencv_pkg/lib/opencv_pkg
Installing cv_rx_node script to /home/vi/opencv_ws/install/opencv_pkg/lib/opencv_pkg
Installing cv_tx_node script to /home/vi/opencv_ws/install/opencv_pkg/lib/opencv_pkg
writing list of installed files to '/home/vi/opencv_ws/build/opencv_pkg/install.log'
