[0.631s] Invoking command in '/home/vi/opencv_ws/src/opencv_pkg': PYTHONPATH=/home/vi/opencv_ws/build/opencv_pkg/prefix_override:/usr/lib/python3/dist-packages/colcon_core/task/python/colcon_distutils_commands:/home/vi/opencv_ws/install/opencv_pkg/lib/python3.10/site-packages:${PYTHONPATH} /usr/bin/python3 -W ignore:setup.py install is deprecated -W ignore:easy_install command is deprecated setup.py egg_info --egg-base ../../build/opencv_pkg build --build-base /home/vi/opencv_ws/build/opencv_pkg/build install --record /home/vi/opencv_ws/build/opencv_pkg/install.log --single-version-externally-managed install_data
[0.878s] running egg_info
[0.879s] creating ../../build/opencv_pkg/opencv_pkg.egg-info
[0.879s] writing ../../build/opencv_pkg/opencv_pkg.egg-info/PKG-INFO
[0.879s] writing dependency_links to ../../build/opencv_pkg/opencv_pkg.egg-info/dependency_links.txt
[0.879s] writing entry points to ../../build/opencv_pkg/opencv_pkg.egg-info/entry_points.txt
[0.879s] writing requirements to ../../build/opencv_pkg/opencv_pkg.egg-info/requires.txt
[0.880s] writing top-level names to ../../build/opencv_pkg/opencv_pkg.egg-info/top_level.txt
[0.880s] writing manifest file '../../build/opencv_pkg/opencv_pkg.egg-info/SOURCES.txt'
[0.881s] reading manifest file '../../build/opencv_pkg/opencv_pkg.egg-info/SOURCES.txt'
[0.882s] writing manifest file '../../build/opencv_pkg/opencv_pkg.egg-info/SOURCES.txt'
[0.882s] running build
[0.882s] running build_py
[0.882s] creating /home/vi/opencv_ws/build/opencv_pkg/build
[0.882s] creating /home/vi/opencv_ws/build/opencv_pkg/build/lib
[0.883s] creating /home/vi/opencv_ws/build/opencv_pkg/build/lib/opencv_pkg
[0.883s] copying opencv_pkg/opencv_1_tx.py -> /home/vi/opencv_ws/build/opencv_pkg/build/lib/opencv_pkg
[0.883s] copying opencv_pkg/opencv_0.py -> /home/vi/opencv_ws/build/opencv_pkg/build/lib/opencv_pkg
[0.883s] copying opencv_pkg/opencv_0_rx.py -> /home/vi/opencv_ws/build/opencv_pkg/build/lib/opencv_pkg
[0.883s] copying opencv_pkg/__init__.py -> /home/vi/opencv_ws/build/opencv_pkg/build/lib/opencv_pkg
[0.883s] copying opencv_pkg/opencv_1_rx.py -> /home/vi/opencv_ws/build/opencv_pkg/build/lib/opencv_pkg
[0.883s] running install
[0.883s] running install_lib
[0.884s] creating /home/vi/opencv_ws/install/opencv_pkg/lib/python3.10/site-packages/opencv_pkg
[0.884s] copying /home/vi/opencv_ws/build/opencv_pkg/build/lib/opencv_pkg/opencv_1_tx.py -> /home/vi/opencv_ws/install/opencv_pkg/lib/python3.10/site-packages/opencv_pkg
[0.884s] copying /home/vi/opencv_ws/build/opencv_pkg/build/lib/opencv_pkg/opencv_0.py -> /home/vi/opencv_ws/install/opencv_pkg/lib/python3.10/site-packages/opencv_pkg
[0.884s] copying /home/vi/opencv_ws/build/opencv_pkg/build/lib/opencv_pkg/opencv_0_rx.py -> /home/vi/opencv_ws/install/opencv_pkg/lib/python3.10/site-packages/opencv_pkg
[0.885s] copying /home/vi/opencv_ws/build/opencv_pkg/build/lib/opencv_pkg/__init__.py -> /home/vi/opencv_ws/install/opencv_pkg/lib/python3.10/site-packages/opencv_pkg
[0.885s] copying /home/vi/opencv_ws/build/opencv_pkg/build/lib/opencv_pkg/opencv_1_rx.py -> /home/vi/opencv_ws/install/opencv_pkg/lib/python3.10/site-packages/opencv_pkg
[0.885s] byte-compiling /home/vi/opencv_ws/install/opencv_pkg/lib/python3.10/site-packages/opencv_pkg/opencv_1_tx.py to opencv_1_tx.cpython-310.pyc
[0.886s] byte-compiling /home/vi/opencv_ws/install/opencv_pkg/lib/python3.10/site-packages/opencv_pkg/opencv_0.py to opencv_0.cpython-310.pyc
[0.887s] byte-compiling /home/vi/opencv_ws/install/opencv_pkg/lib/python3.10/site-packages/opencv_pkg/opencv_0_rx.py to opencv_0_rx.cpython-310.pyc
[0.887s] byte-compiling /home/vi/opencv_ws/install/opencv_pkg/lib/python3.10/site-packages/opencv_pkg/__init__.py to __init__.cpython-310.pyc
[0.887s] byte-compiling /home/vi/opencv_ws/install/opencv_pkg/lib/python3.10/site-packages/opencv_pkg/opencv_1_rx.py to opencv_1_rx.cpython-310.pyc
[0.888s] running install_data
[0.888s] creating /home/vi/opencv_ws/install/opencv_pkg/share/ament_index
[0.888s] creating /home/vi/opencv_ws/install/opencv_pkg/share/ament_index/resource_index
[0.888s] creating /home/vi/opencv_ws/install/opencv_pkg/share/ament_index/resource_index/packages
[0.888s] copying resource/opencv_pkg -> /home/vi/opencv_ws/install/opencv_pkg/share/ament_index/resource_index/packages
[0.888s] copying package.xml -> /home/vi/opencv_ws/install/opencv_pkg/share/opencv_pkg
[0.888s] running install_egg_info
[0.890s] Copying ../../build/opencv_pkg/opencv_pkg.egg-info to /home/vi/opencv_ws/install/opencv_pkg/lib/python3.10/site-packages/opencv_pkg-0.0.0-py3.10.egg-info
[0.891s] running install_scripts
[0.911s] Installing cv_new_rx_node script to /home/vi/opencv_ws/install/opencv_pkg/lib/opencv_pkg
[0.911s] Installing cv_new_tx_node script to /home/vi/opencv_ws/install/opencv_pkg/lib/opencv_pkg
[0.912s] Installing cv_rx_node script to /home/vi/opencv_ws/install/opencv_pkg/lib/opencv_pkg
[0.912s] Installing cv_tx_node script to /home/vi/opencv_ws/install/opencv_pkg/lib/opencv_pkg
[0.912s] writing list of installed files to '/home/vi/opencv_ws/build/opencv_pkg/install.log'
[0.937s] Invoked command in '/home/vi/opencv_ws/src/opencv_pkg' returned '0': PYTHONPATH=/home/vi/opencv_ws/build/opencv_pkg/prefix_override:/usr/lib/python3/dist-packages/colcon_core/task/python/colcon_distutils_commands:/home/vi/opencv_ws/install/opencv_pkg/lib/python3.10/site-packages:${PYTHONPATH} /usr/bin/python3 -W ignore:setup.py install is deprecated -W ignore:easy_install command is deprecated setup.py egg_info --egg-base ../../build/opencv_pkg build --build-base /home/vi/opencv_ws/build/opencv_pkg/build install --record /home/vi/opencv_ws/build/opencv_pkg/install.log --single-version-externally-managed install_data
